d:\github\systemhelp\systemhelp\release\systemhelp.obj
d:\github\systemhelp\systemhelp\release\main.obj
d:\github\systemhelp\systemhelp\release\moc_systemhelp.obj
d:\github\systemhelp\systemhelp\release\qrc_systemhelp.obj
d:\github\systemhelp\release\systemhelp.exe
d:\github\systemhelp\systemhelp\release\moc\moc_systemhelp.cpp
d:\github\systemhelp\systemhelp\release\rcc\qrc_systemhelp.cpp
d:\github\systemhelp\systemhelp\release\uic\ui_systemhelp.h
d:\github\systemhelp\systemhelp\release\systemhelp.tlog\cl.command.1.tlog
d:\github\systemhelp\systemhelp\release\systemhelp.tlog\cl.read.1.tlog
d:\github\systemhelp\systemhelp\release\systemhelp.tlog\cl.write.1.tlog
d:\github\systemhelp\systemhelp\release\systemhelp.tlog\link.command.1.tlog
d:\github\systemhelp\systemhelp\release\systemhelp.tlog\link.read.1.tlog
d:\github\systemhelp\systemhelp\release\systemhelp.tlog\link.write.1.tlog
d:\github\systemhelp\systemhelp\release\systemhelp.tlog\moc.read.1u.tlog
d:\github\systemhelp\systemhelp\release\systemhelp.tlog\moc.write.1u.tlog
d:\github\systemhelp\systemhelp\release\systemhelp.tlog\rcc.read.1u.tlog
d:\github\systemhelp\systemhelp\release\systemhelp.tlog\rcc.write.1u.tlog
d:\github\systemhelp\systemhelp\release\systemhelp.tlog\systemhelp.write.1u.tlog
d:\github\systemhelp\systemhelp\release\systemhelp.tlog\uic.read.1u.tlog
d:\github\systemhelp\systemhelp\release\systemhelp.tlog\uic.write.1u.tlog
